[0m14:58:22.974166 [debug] [MainThread]: Sending event: {'category': 'dbt', 'action': 'invocation', 'label': 'start', 'context': [<snowplow_tracker.self_describing_json.SelfDescribingJson object at 0x7f3cacaa6d00>, <snowplow_tracker.self_describing_json.SelfDescribingJson object at 0x7f3cad186a90>, <snowplow_tracker.self_describing_json.SelfDescribingJson object at 0x7f3cad186a00>]}


============================== 14:58:22.980382 | cd9b9685-9a9b-4e37-9ae3-2db1469c495d ==============================
[0m14:58:22.980382 [info ] [MainThread]: Running with dbt=1.7.0
[0m14:58:22.981453 [debug] [MainThread]: running dbt with arguments {'printer_width': '80', 'indirect_selection': 'eager', 'write_json': 'True', 'log_cache_events': 'False', 'partial_parse': 'True', 'cache_selected_only': 'False', 'warn_error': 'None', 'version_check': 'True', 'debug': 'False', 'log_path': 'logs', 'fail_fast': 'False', 'profiles_dir': '/root/.dbt', 'use_colors': 'True', 'use_experimental_parser': 'False', 'no_print': 'None', 'quiet': 'False', 'log_format': 'default', 'introspect': 'True', 'invocation_command': 'dbt init demo_dbt', 'warn_error_options': 'WarnErrorOptions(include=[], exclude=[])', 'target_path': 'None', 'static_parser': 'True', 'send_anonymous_usage_stats': 'True'}
[0m14:58:22.982182 [warn ] [MainThread]: [ConfigFolderDirectory]: Unable to parse dict {'dir': PosixPath('/root/.dbt')}
[0m14:58:22.982884 [info ] [MainThread]: Creating dbt configuration folder at 
[0m14:58:22.984905 [debug] [MainThread]: Starter project path: /home/ubuntu/myenv/data_dbt/lib/python3.8/site-packages/dbt/include/starter_project
[0m14:58:22.991785 [info ] [MainThread]: 
Your new dbt project "demo_dbt" was created!

For more information on how to configure the profiles.yml file,
please consult the dbt documentation here:

  https://docs.getdbt.com/docs/configure-your-profile

One more thing:

Need help? Don't hesitate to reach out to us via GitHub issues or on Slack:

  https://community.getdbt.com/

Happy modeling!

[0m14:58:22.992542 [info ] [MainThread]: Setting up your profile.
[0m09:09:37.742850 [debug] [MainThread]: Sending event: {'category': 'dbt', 'action': 'invocation', 'label': 'start', 'context': [<snowplow_tracker.self_describing_json.SelfDescribingJson object at 0x7f1c54ec0fd0>, <snowplow_tracker.self_describing_json.SelfDescribingJson object at 0x7f1c5558ac40>, <snowplow_tracker.self_describing_json.SelfDescribingJson object at 0x7f1c5558aac0>]}


============================== 09:09:37.750831 | e0d15f21-05c7-420a-95d3-92a95e8c887a ==============================
[0m09:09:37.750831 [info ] [MainThread]: Running with dbt=1.7.0
[0m09:09:37.752094 [debug] [MainThread]: running dbt with arguments {'printer_width': '80', 'indirect_selection': 'eager', 'log_cache_events': 'False', 'write_json': 'True', 'partial_parse': 'True', 'cache_selected_only': 'False', 'profiles_dir': '/root/.dbt', 'debug': 'False', 'warn_error': 'None', 'log_path': 'logs', 'fail_fast': 'False', 'version_check': 'True', 'use_colors': 'True', 'use_experimental_parser': 'False', 'no_print': 'None', 'quiet': 'False', 'log_format': 'default', 'static_parser': 'True', 'warn_error_options': 'WarnErrorOptions(include=[], exclude=[])', 'introspect': 'True', 'target_path': 'None', 'invocation_command': 'dbt init demo_dbt', 'send_anonymous_usage_stats': 'True'}
[0m09:09:37.753402 [info ] [MainThread]: A project called demo_dbt already exists here.
[0m09:09:37.756517 [debug] [MainThread]: Resource report: {"command_name": "init", "command_success": true, "command_wall_clock_time": 0.038735118, "process_user_time": 3.816239, "process_kernel_time": 0.174749, "process_mem_max_rss": "87424", "process_in_blocks": "49432", "process_out_blocks": "8"}
[0m09:09:37.757997 [debug] [MainThread]: Command `dbt init` succeeded at 09:09:37.757395 after 0.04 seconds
[0m09:09:37.758856 [debug] [MainThread]: Sending event: {'category': 'dbt', 'action': 'invocation', 'label': 'end', 'context': [<snowplow_tracker.self_describing_json.SelfDescribingJson object at 0x7f1c54ec0fd0>, <snowplow_tracker.self_describing_json.SelfDescribingJson object at 0x7f1c56fa38e0>, <snowplow_tracker.self_describing_json.SelfDescribingJson object at 0x7f1c5559a460>]}
[0m09:09:37.759505 [debug] [MainThread]: Flushing usage events
